<?xml version="1.0" encoding="UTF-8"?>
<!-- Generated by org.testng.reporters.JUnitReportReporter -->
<testsuite hostname="LAPTOP-GJFA8BNB" failures="0" tests="1" name="testcases.CareersPage" time="20.786" errors="0" timestamp="2023-11-15T08:44:52 IST" skipped="0">
  <testcase classname="testcases.CareersPage" name="searchJob" time="20.786"/>
</testsuite> <!-- testcases.CareersPage -->
