<?xml version="1.0" encoding="UTF-8"?>
<!-- Generated by org.testng.reporters.JUnitReportReporter -->
<testsuite hostname="LAPTOP-GJFA8BNB" failures="0" tests="2" name="testcases.InvestorsPage" time="26.699" errors="0" timestamp="2023-11-15T08:44:52 IST" skipped="0">
  <testcase classname="testcases.InvestorsPage" name="investors" time="0.255"/>
  <testcase classname="testcases.InvestorsPage" name="investorsDomain" time="26.444"/>
</testsuite> <!-- testcases.InvestorsPage -->
