<?xml version="1.0" encoding="UTF-8"?>
<!-- Generated by org.testng.reporters.JUnitReportReporter -->
<testsuite hostname="LAPTOP-GJFA8BNB" failures="0" tests="1" name="testcases.PressPage" time="4.555" errors="0" timestamp="2023-11-15T08:55:23 IST" skipped="0">
  <testcase classname="testcases.PressPage" name="companyTimeliness" time="4.555"/>
</testsuite> <!-- testcases.PressPage -->
